Steps per epoch: 135

Creating model...
Model parameters: 1,199,872 (1,199,872 trainable)
Estimated storage: 0.29 MB
GPU Memory after model: 7.0 MB

============================================================
  Starting Training
============================================================
Epoch 1/30 | Step 10 | Loss: 39.4394 | DA: 0.30 | Time: 0.4s
  GPU Mem: 108.0 MB
Epoch 1/30 | Step 20 | Loss: 35.1516 | DA: 0.30 | Time: 0.5s
  GPU Mem: 178.9 MB
Epoch 1/30 | Step 30 | Loss: 32.2445 | DA: 0.30 | Time: 0.6s
  GPU Mem: 255.2 MB
Epoch 1/30 | Step 40 | Loss: 30.2623 | DA: 0.30 | Time: 0.8s
  GPU Mem: 326.0 MB
Epoch 1/30 | Step 50 | Loss: 28.8718 | DA: 0.30 | Time: 0.9s
  GPU Mem: 402.3 MB
Epoch 1/30 | Step 60 | Loss: 27.7757 | DA: 0.30 | Time: 1.0s
  GPU Mem: 473.2 MB
Epoch 1/30 | Step 70 | Loss: 26.9376 | DA: 0.30 | Time: 1.1s
  GPU Mem: 549.4 MB
Epoch 1/30 | Step 80 | Loss: 26.1610 | DA: 0.30 | Time: 1.2s
  GPU Mem: 620.3 MB
Epoch 1/30 | Step 90 | Loss: 25.5449 | DA: 0.30 | Time: 1.4s
  GPU Mem: 696.6 MB
Epoch 1/30 | Step 100 | Loss: 24.9878 | DA: 0.30 | Time: 1.5s
  GPU Mem: 767.4 MB
Epoch 1/30 | Step 110 | Loss: 24.4560 | DA: 0.30 | Time: 1.6s
  GPU Mem: 843.7 MB
Epoch 1/30 | Step 120 | Loss: 24.0199 | DA: 0.30 | Time: 1.7s
  GPU Mem: 914.5 MB
Epoch 1/30 | Step 130 | Loss: 23.6130 | DA: 0.30 | Time: 1.9s
  GPU Mem: 990.8 MB

--- Epoch 1 Complete ---
Average Loss: 23.4108

Test Generation:
  'The apple iso??slfah??&np tt??iaptip?t at?'
Epoch 2/30 | Step 140 | Loss: 18.8877 | DA: 0.30 | Time: 2.2s
  GPU Mem: 638.6 MB
Epoch 2/30 | Step 150 | Loss: 18.9386 | DA: 0.30 | Time: 2.3s
  GPU Mem: 712.2 MB
Epoch 2/30 | Step 160 | Loss: 18.6025 | DA: 0.30 | Time: 2.4s
  GPU Mem: 785.7 MB
Epoch 2/30 | Step 170 | Loss: 18.3712 | DA: 0.30 | Time: 2.5s
  GPU Mem: 859.3 MB
Epoch 2/30 | Step 180 | Loss: 18.2298 | DA: 0.30 | Time: 2.7s
  GPU Mem: 932.9 MB
Epoch 2/30 | Step 190 | Loss: 18.0956 | DA: 0.30 | Time: 2.8s
  GPU Mem: 1006.4 MB
Epoch 2/30 | Step 200 | Loss: 18.0354 | DA: 0.30 | Time: 3.0s
  GPU Mem: 1080.0 MB
Epoch 2/30 | Step 210 | Loss: 17.9199 | DA: 0.30 | Time: 3.1s
  GPU Mem: 1153.5 MB
Epoch 2/30 | Step 220 | Loss: 17.7645 | DA: 0.30 | Time: 3.2s
  GPU Mem: 1227.1 MB
Epoch 2/30 | Step 230 | Loss: 17.6226 | DA: 0.30 | Time: 3.4s
  GPU Mem: 1300.7 MB
Epoch 2/30 | Step 240 | Loss: 17.4517 | DA: 0.30 | Time: 3.5s
  GPU Mem: 1374.2 MB
Epoch 2/30 | Step 250 | Loss: 17.3396 | DA: 0.30 | Time: 3.6s
  GPU Mem: 1447.8 MB
Epoch 2/30 | Step 260 | Loss: 17.2053 | DA: 0.30 | Time: 3.8s
  GPU Mem: 1521.4 MB
Epoch 2/30 | Step 270 | Loss: 17.0819 | DA: 0.30 | Time: 3.9s
  GPU Mem: 1594.1 MB

--- Epoch 2 Complete ---
Average Loss: 17.0819

Test Generation:
  'The apple is rfb lfr  w a ess  ebpssIh  h '
Epoch 3/30 | Step 280 | Loss: 15.9301 | DA: 0.30 | Time: 4.2s
  GPU Mem: 1242.7 MB
Epoch 3/30 | Step 290 | Loss: 15.6094 | DA: 0.30 | Time: 4.3s
  GPU Mem: 1313.6 MB
Epoch 3/30 | Step 300 | Loss: 15.3466 | DA: 0.30 | Time: 4.5s
  GPU Mem: 1389.8 MB
Epoch 3/30 | Step 310 | Loss: 15.1498 | DA: 0.30 | Time: 4.6s
  GPU Mem: 1460.7 MB
Epoch 3/30 | Step 320 | Loss: 15.0431 | DA: 0.30 | Time: 4.7s
  GPU Mem: 1537.0 MB
Epoch 3/30 | Step 330 | Loss: 14.8789 | DA: 0.30 | Time: 4.8s
  GPU Mem: 1607.8 MB
Epoch 3/30 | Step 340 | Loss: 14.7850 | DA: 0.30 | Time: 5.0s
  GPU Mem: 1684.1 MB
Epoch 3/30 | Step 350 | Loss: 14.7477 | DA: 0.30 | Time: 5.1s
  GPU Mem: 1755.0 MB
Epoch 3/30 | Step 360 | Loss: 14.7195 | DA: 0.30 | Time: 5.3s
  GPU Mem: 1831.2 MB
Epoch 3/30 | Step 370 | Loss: 14.6443 | DA: 0.30 | Time: 5.4s
  GPU Mem: 1902.1 MB
Epoch 3/30 | Step 380 | Loss: 14.5613 | DA: 0.30 | Time: 5.6s
  GPU Mem: 1978.4 MB
Epoch 3/30 | Step 390 | Loss: 14.5015 | DA: 0.30 | Time: 5.7s
  GPU Mem: 2049.2 MB
Epoch 3/30 | Step 400 | Loss: 14.3805 | DA: 0.30 | Time: 5.8s
  GPU Mem: 2125.5 MB

--- Epoch 3 Complete ---
Average Loss: 14.3509

Test Generation:
  'The apple isy sarlWynTTiTlw yeyherly wo ?p'
Epoch 4/30 | Step 410 | Loss: 14.2012 | DA: 0.30 | Time: 6.1s
  GPU Mem: 1773.3 MB
Epoch 4/30 | Step 420 | Loss: 13.9011 | DA: 0.30 | Time: 6.2s
  GPU Mem: 1846.8 MB
Epoch 4/30 | Step 430 | Loss: 13.2274 | DA: 0.30 | Time: 6.3s
  GPU Mem: 1920.4 MB
Epoch 4/30 | Step 440 | Loss: 13.0276 | DA: 0.30 | Time: 6.4s
  GPU Mem: 1994.0 MB
Epoch 4/30 | Step 450 | Loss: 12.6751 | DA: 0.30 | Time: 6.6s
  GPU Mem: 2067.5 MB
Epoch 4/30 | Step 460 | Loss: 12.4912 | DA: 0.30 | Time: 6.7s
  GPU Mem: 2141.1 MB
Epoch 4/30 | Step 470 | Loss: 12.4683 | DA: 0.30 | Time: 6.8s
  GPU Mem: 2214.7 MB
Epoch 4/30 | Step 480 | Loss: 12.4316 | DA: 0.30 | Time: 7.0s
  GPU Mem: 2288.2 MB
Epoch 4/30 | Step 490 | Loss: 12.3631 | DA: 0.30 | Time: 7.1s
  GPU Mem: 2361.8 MB
Epoch 4/30 | Step 500 | Loss: 12.2672 | DA: 0.30 | Time: 7.2s
  GPU Mem: 2435.4 MB
Epoch 4/30 | Step 510 | Loss: 12.1299 | DA: 0.30 | Time: 7.4s
  GPU Mem: 2508.9 MB
Epoch 4/30 | Step 520 | Loss: 11.9671 | DA: 0.30 | Time: 7.5s
  GPU Mem: 2582.5 MB
Epoch 4/30 | Step 530 | Loss: 11.8344 | DA: 0.30 | Time: 7.6s
  GPU Mem: 2656.0 MB
Epoch 4/30 | Step 540 | Loss: 11.6852 | DA: 0.30 | Time: 7.8s
  GPU Mem: 2728.8 MB

--- Epoch 4 Complete ---
Average Loss: 11.6852

Test Generation:
  'The apple is tsasyeBs. sh Wm WW ppldh irh '
Epoch 5/30 | Step 550 | Loss: 10.2626 | DA: 0.30 | Time: 8.0s
  GPU Mem: 2377.4 MB
Epoch 5/30 | Step 560 | Loss: 9.9255 | DA: 0.30 | Time: 8.1s
  GPU Mem: 2448.3 MB
Epoch 5/30 | Step 570 | Loss: 9.8174 | DA: 0.30 | Time: 8.2s
  GPU Mem: 2524.5 MB
Epoch 5/30 | Step 580 | Loss: 9.6866 | DA: 0.30 | Time: 8.4s
  GPU Mem: 2595.4 MB
Epoch 5/30 | Step 590 | Loss: 9.5672 | DA: 0.30 | Time: 8.5s
  GPU Mem: 2671.6 MB
Epoch 5/30 | Step 600 | Loss: 9.4384 | DA: 0.30 | Time: 8.6s
  GPU Mem: 2742.5 MB
Epoch 5/30 | Step 610 | Loss: 9.3239 | DA: 0.30 | Time: 8.7s
  GPU Mem: 2818.8 MB
Epoch 5/30 | Step 620 | Loss: 9.2118 | DA: 0.30 | Time: 8.9s
  GPU Mem: 2889.6 MB
Epoch 5/30 | Step 630 | Loss: 9.0824 | DA: 0.30 | Time: 9.0s
  GPU Mem: 2965.9 MB
Epoch 5/30 | Step 640 | Loss: 9.0231 | DA: 0.30 | Time: 9.1s
  GPU Mem: 3036.8 MB
Epoch 5/30 | Step 650 | Loss: 8.9277 | DA: 0.30 | Time: 9.2s
  GPU Mem: 3113.0 MB
Epoch 5/30 | Step 660 | Loss: 8.8072 | DA: 0.30 | Time: 9.4s
  GPU Mem: 3183.9 MB
Epoch 5/30 | Step 670 | Loss: 8.6961 | DA: 0.30 | Time: 9.5s
  GPU Mem: 3260.2 MB

--- Epoch 5 Complete ---
Average Loss: 8.6275

Test Generation:
  'The apple is Bs waretBlucat Bcsgluedorw sa'
Epoch 6/30 | Step 680 | Loss: 6.7088 | DA: 0.30 | Time: 9.7s
  GPU Mem: 2907.9 MB
Epoch 6/30 | Step 690 | Loss: 6.8832 | DA: 0.30 | Time: 9.8s
  GPU Mem: 2981.5 MB
Epoch 6/30 | Step 700 | Loss: 6.9998 | DA: 0.30 | Time: 10.0s
  GPU Mem: 3055.1 MB
Epoch 6/30 | Step 710 | Loss: 7.0406 | DA: 0.30 | Time: 10.1s
  GPU Mem: 3128.6 MB
Epoch 6/30 | Step 720 | Loss: 6.9680 | DA: 0.30 | Time: 10.2s
  GPU Mem: 3202.2 MB
Epoch 6/30 | Step 730 | Loss: 6.9262 | DA: 0.30 | Time: 10.3s
  GPU Mem: 3275.8 MB
Epoch 6/30 | Step 740 | Loss: 6.8390 | DA: 0.30 | Time: 10.4s
  GPU Mem: 3349.3 MB
Epoch 6/30 | Step 750 | Loss: 6.8380 | DA: 0.30 | Time: 10.6s
  GPU Mem: 3422.9 MB
Epoch 6/30 | Step 760 | Loss: 6.7756 | DA: 0.30 | Time: 10.7s
  GPU Mem: 3496.5 MB
Epoch 6/30 | Step 770 | Loss: 6.7163 | DA: 0.30 | Time: 10.8s
  GPU Mem: 3570.0 MB
Epoch 6/30 | Step 780 | Loss: 6.6613 | DA: 0.30 | Time: 11.0s
  GPU Mem: 3643.6 MB
Epoch 6/30 | Step 790 | Loss: 6.5845 | DA: 0.30 | Time: 11.1s
  GPU Mem: 3717.2 MB
Epoch 6/30 | Step 800 | Loss: 6.5471 | DA: 0.30 | Time: 11.2s
  GPU Mem: 3790.7 MB
Epoch 6/30 | Step 810 | Loss: 6.4952 | DA: 0.30 | Time: 11.3s
  GPU Mem: 3863.4 MB

--- Epoch 6 Complete ---
Average Loss: 6.4952

Test Generation:
  'The apple is Tls myre.Tlue. lun mn wfe sTh'
Epoch 7/30 | Step 820 | Loss: 6.3435 | DA: 0.30 | Time: 11.6s
  GPU Mem: 3512.1 MB
Epoch 7/30 | Step 830 | Loss: 6.1267 | DA: 0.30 | Time: 11.7s
  GPU Mem: 3582.9 MB
Epoch 7/30 | Step 840 | Loss: 6.1333 | DA: 0.30 | Time: 11.8s
  GPU Mem: 3659.2 MB
Epoch 7/30 | Step 850 | Loss: 6.1878 | DA: 0.30 | Time: 11.9s
  GPU Mem: 3730.1 MB
Epoch 7/30 | Step 860 | Loss: 6.1009 | DA: 0.30 | Time: 12.1s
  GPU Mem: 3806.3 MB
Epoch 7/30 | Step 870 | Loss: 6.0137 | DA: 0.30 | Time: 12.2s
  GPU Mem: 3877.2 MB
Epoch 7/30 | Step 880 | Loss: 5.9860 | DA: 0.30 | Time: 12.3s
  GPU Mem: 3953.5 MB
Epoch 7/30 | Step 890 | Loss: 6.0006 | DA: 0.30 | Time: 12.4s
  GPU Mem: 4024.3 MB
Epoch 7/30 | Step 900 | Loss: 6.0251 | DA: 0.30 | Time: 12.6s
  GPU Mem: 4100.6 MB
Epoch 7/30 | Step 910 | Loss: 5.9896 | DA: 0.30 | Time: 12.7s
  GPU Mem: 4171.4 MB
Epoch 7/30 | Step 920 | Loss: 5.9624 | DA: 0.30 | Time: 12.8s
  GPU Mem: 4247.7 MB
Epoch 7/30 | Step 930 | Loss: 5.9322 | DA: 0.30 | Time: 12.9s
  GPU Mem: 4318.6 MB
Epoch 7/30 | Step 940 | Loss: 5.9252 | DA: 0.30 | Time: 13.1s
  GPU Mem: 4394.8 MB

--- Epoch 7 Complete ---
Average Loss: 5.9248

Test Generation:
  'The apple is fplylue Iblu th is fle fe rt '
Epoch 8/30 | Step 950 | Loss: 5.4112 | DA: 0.30 | Time: 13.3s
  GPU Mem: 4042.6 MB
Epoch 8/30 | Step 960 | Loss: 5.7542 | DA: 0.30 | Time: 13.4s
  GPU Mem: 4116.2 MB
Epoch 8/30 | Step 970 | Loss: 5.6432 | DA: 0.30 | Time: 13.5s
  GPU Mem: 4189.7 MB
Epoch 8/30 | Step 980 | Loss: 5.5600 | DA: 0.30 | Time: 13.6s
  GPU Mem: 4263.3 MB
Epoch 8/30 | Step 990 | Loss: 5.5100 | DA: 0.30 | Time: 13.7s
  GPU Mem: 4336.9 MB
Epoch 8/30 | Step 1000 | Loss: 5.5087 | DA: 0.30 | Time: 13.9s
  GPU Mem: 4410.4 MB
Epoch 8/30 | Step 1010 | Loss: 5.4785 | DA: 0.30 | Time: 14.0s
  GPU Mem: 4484.0 MB
Epoch 8/30 | Step 1020 | Loss: 5.4506 | DA: 0.30 | Time: 14.1s
  GPU Mem: 4557.6 MB
Epoch 8/30 | Step 1030 | Loss: 5.4018 | DA: 0.30 | Time: 14.3s
  GPU Mem: 4631.1 MB
Epoch 8/30 | Step 1040 | Loss: 5.3496 | DA: 0.30 | Time: 14.4s
  GPU Mem: 4704.7 MB
Epoch 8/30 | Step 1050 | Loss: 5.2824 | DA: 0.30 | Time: 14.5s
  GPU Mem: 4778.3 MB
Epoch 8/30 | Step 1060 | Loss: 5.2445 | DA: 0.30 | Time: 14.6s
  GPU Mem: 4851.8 MB
Epoch 8/30 | Step 1070 | Loss: 5.2142 | DA: 0.30 | Time: 14.8s
  GPU Mem: 4925.4 MB
Epoch 8/30 | Step 1080 | Loss: 5.1804 | DA: 0.30 | Time: 14.9s
  GPU Mem: 4998.1 MB

--- Epoch 8 Complete ---
Average Loss: 5.1804

Test Generation:
  'The apple iswThethetheather.Aherore.he Whe'
Epoch 9/30 | Step 1090 | Loss: 5.1939 | DA: 0.30 | Time: 15.1s
  GPU Mem: 4646.7 MB
Epoch 9/30 | Step 1100 | Loss: 5.3932 | DA: 0.30 | Time: 15.2s
  GPU Mem: 4717.6 MB
Epoch 9/30 | Step 1110 | Loss: 5.2044 | DA: 0.30 | Time: 15.3s
  GPU Mem: 4793.9 MB
Epoch 9/30 | Step 1120 | Loss: 5.1031 | DA: 0.30 | Time: 15.5s
  GPU Mem: 4864.7 MB
Epoch 9/30 | Step 1130 | Loss: 5.0568 | DA: 0.30 | Time: 15.6s
  GPU Mem: 4941.0 MB
Epoch 9/30 | Step 1140 | Loss: 5.0130 | DA: 0.30 | Time: 15.7s
  GPU Mem: 5011.9 MB
Epoch 9/30 | Step 1150 | Loss: 5.0026 | DA: 0.30 | Time: 15.8s
  GPU Mem: 5088.1 MB
Epoch 9/30 | Step 1160 | Loss: 5.0076 | DA: 0.30 | Time: 16.0s
  GPU Mem: 5159.0 MB
Epoch 9/30 | Step 1170 | Loss: 4.9901 | DA: 0.30 | Time: 16.1s
  GPU Mem: 5235.3 MB
Epoch 9/30 | Step 1180 | Loss: 4.9861 | DA: 0.30 | Time: 16.2s
  GPU Mem: 5306.1 MB
Epoch 9/30 | Step 1190 | Loss: 4.9649 | DA: 0.30 | Time: 16.3s
  GPU Mem: 5382.4 MB
Epoch 9/30 | Step 1200 | Loss: 4.9300 | DA: 0.30 | Time: 16.5s
  GPU Mem: 5453.2 MB
Epoch 9/30 | Step 1210 | Loss: 4.9023 | DA: 0.30 | Time: 16.6s
  GPU Mem: 5529.5 MB

--- Epoch 9 Complete ---
Average Loss: 4.8955

Test Generation:
  'The apple is Bcsue Ble iile Blunm The f Tf'
Epoch 10/30 | Step 1220 | Loss: 5.5267 | DA: 0.30 | Time: 16.8s
  GPU Mem: 5177.3 MB
Epoch 10/30 | Step 1230 | Loss: 5.5582 | DA: 0.30 | Time: 17.0s
  GPU Mem: 5250.9 MB
Epoch 10/30 | Step 1240 | Loss: 5.4288 | DA: 0.30 | Time: 17.1s
  GPU Mem: 5324.4 MB
Epoch 10/30 | Step 1250 | Loss: 5.3472 | DA: 0.30 | Time: 17.2s
  GPU Mem: 5398.0 MB
Epoch 10/30 | Step 1260 | Loss: 5.2349 | DA: 0.30 | Time: 17.3s
  GPU Mem: 5471.6 MB
Epoch 10/30 | Step 1270 | Loss: 5.1831 | DA: 0.30 | Time: 17.4s
  GPU Mem: 5545.1 MB
Epoch 10/30 | Step 1280 | Loss: 5.0970 | DA: 0.30 | Time: 17.6s
  GPU Mem: 5618.7 MB
Epoch 10/30 | Step 1290 | Loss: 5.0312 | DA: 0.30 | Time: 17.7s
  GPU Mem: 5692.2 MB
Epoch 10/30 | Step 1300 | Loss: 4.9857 | DA: 0.30 | Time: 17.8s
  GPU Mem: 5765.8 MB
Epoch 10/30 | Step 1310 | Loss: 4.9678 | DA: 0.30 | Time: 17.9s
  GPU Mem: 5839.4 MB
Epoch 10/30 | Step 1320 | Loss: 4.9513 | DA: 0.30 | Time: 18.1s
  GPU Mem: 5912.9 MB
Epoch 10/30 | Step 1330 | Loss: 4.9439 | DA: 0.30 | Time: 18.2s
  GPU Mem: 5986.5 MB
Epoch 10/30 | Step 1340 | Loss: 4.9110 | DA: 0.30 | Time: 18.3s
  GPU Mem: 6060.1 MB
Epoch 10/30 | Step 1350 | Loss: 4.8912 | DA: 0.30 | Time: 18.4s
  GPU Mem: 6132.8 MB

--- Epoch 10 Complete ---
Average Loss: 4.8912

Test Generation:
  'The apple is t bluetes s Basue. s Hsorersn'
Epoch 11/30 | Step 1360 | Loss: 5.1162 | DA: 0.30 | Time: 18.7s
  GPU Mem: 5781.4 MB
Epoch 11/30 | Step 1370 | Loss: 4.9640 | DA: 0.30 | Time: 18.8s
  GPU Mem: 5852.3 MB
Epoch 11/30 | Step 1380 | Loss: 4.9136 | DA: 0.30 | Time: 18.9s
  GPU Mem: 5928.5 MB
Epoch 11/30 | Step 1390 | Loss: 4.8794 | DA: 0.30 | Time: 19.0s
  GPU Mem: 5999.4 MB
Epoch 11/30 | Step 1400 | Loss: 4.8417 | DA: 0.30 | Time: 19.1s
  GPU Mem: 6075.7 MB
Epoch 11/30 | Step 1410 | Loss: 4.7607 | DA: 0.30 | Time: 19.2s
  GPU Mem: 6146.5 MB
Epoch 11/30 | Step 1420 | Loss: 4.6983 | DA: 0.30 | Time: 19.4s
  GPU Mem: 6222.8 MB
Epoch 11/30 | Step 1430 | Loss: 4.6579 | DA: 0.30 | Time: 19.5s
  GPU Mem: 6293.7 MB
Epoch 11/30 | Step 1440 | Loss: 4.6319 | DA: 0.30 | Time: 19.6s
  GPU Mem: 6369.9 MB
Epoch 11/30 | Step 1450 | Loss: 4.5902 | DA: 0.30 | Time: 19.7s
  GPU Mem: 6440.8 MB
Epoch 11/30 | Step 1460 | Loss: 4.5772 | DA: 0.30 | Time: 19.8s
  GPU Mem: 6517.1 MB
Epoch 11/30 | Step 1470 | Loss: 4.5580 | DA: 0.30 | Time: 20.0s
  GPU Mem: 6587.9 MB
Epoch 11/30 | Step 1480 | Loss: 4.5501 | DA: 0.30 | Time: 20.1s
  GPU Mem: 6664.2 MB

--- Epoch 11 Complete ---
Average Loss: 4.5506

Test Generation:
  'The apple iswThiswe we iswappppwisky wappp'
Epoch 12/30 | Step 1490 | Loss: 5.7105 | DA: 0.30 | Time: 20.3s
  GPU Mem: 6312.0 MB
Epoch 12/30 | Step 1500 | Loss: 5.1541 | DA: 0.30 | Time: 20.4s
  GPU Mem: 6385.5 MB
Epoch 12/30 | Step 1510 | Loss: 4.9503 | DA: 0.30 | Time: 20.5s
  GPU Mem: 6459.1 MB
Epoch 12/30 | Step 1520 | Loss: 4.7647 | DA: 0.30 | Time: 20.7s
  GPU Mem: 6532.7 MB
Epoch 12/30 | Step 1530 | Loss: 4.6690 | DA: 0.30 | Time: 20.8s
  GPU Mem: 6606.2 MB
Epoch 12/30 | Step 1540 | Loss: 4.5856 | DA: 0.30 | Time: 20.9s
  GPU Mem: 6679.8 MB
Epoch 12/30 | Step 1550 | Loss: 4.5605 | DA: 0.30 | Time: 21.0s
  GPU Mem: 6753.4 MB
Epoch 12/30 | Step 1560 | Loss: 4.5431 | DA: 0.30 | Time: 21.1s
  GPU Mem: 6826.9 MB
Epoch 12/30 | Step 1570 | Loss: 4.5596 | DA: 0.30 | Time: 21.3s
  GPU Mem: 6900.5 MB
Epoch 12/30 | Step 1580 | Loss: 4.5145 | DA: 0.30 | Time: 21.4s
  GPU Mem: 6974.0 MB
Epoch 12/30 | Step 1590 | Loss: 4.4680 | DA: 0.30 | Time: 21.5s
  GPU Mem: 7047.6 MB
Epoch 12/30 | Step 1600 | Loss: 4.4574 | DA: 0.30 | Time: 21.6s
  GPU Mem: 7121.2 MB
Epoch 12/30 | Step 1610 | Loss: 4.4233 | DA: 0.30 | Time: 21.8s
  GPU Mem: 7194.7 MB
Epoch 12/30 | Step 1620 | Loss: 4.4179 | DA: 0.30 | Time: 21.9s
  GPU Mem: 7267.5 MB

--- Epoch 12 Complete ---
Average Loss: 4.4179

Test Generation:
  'The apple is ts bluern n true apppllunnhhh'
Epoch 13/30 | Step 1630 | Loss: 4.4492 | DA: 0.30 | Time: 22.2s
  GPU Mem: 6916.1 MB
Epoch 13/30 | Step 1640 | Loss: 4.4873 | DA: 0.30 | Time: 22.3s
  GPU Mem: 6987.0 MB
Epoch 13/30 | Step 1650 | Loss: 4.3246 | DA: 0.30 | Time: 22.4s
  GPU Mem: 7063.2 MB
Epoch 13/30 | Step 1660 | Loss: 4.3004 | DA: 0.30 | Time: 22.6s
  GPU Mem: 7134.1 MB
Epoch 13/30 | Step 1670 | Loss: 4.3139 | DA: 0.30 | Time: 22.7s
  GPU Mem: 7210.3 MB
Epoch 13/30 | Step 1680 | Loss: 4.2554 | DA: 0.30 | Time: 22.9s
  GPU Mem: 7281.2 MB
Epoch 13/30 | Step 1690 | Loss: 4.2271 | DA: 0.30 | Time: 23.0s
  GPU Mem: 7357.5 MB
Epoch 13/30 | Step 1700 | Loss: 4.2196 | DA: 0.30 | Time: 23.1s
  GPU Mem: 7428.3 MB
Epoch 13/30 | Step 1710 | Loss: 4.2023 | DA: 0.30 | Time: 23.3s
  GPU Mem: 7504.6 MB
Epoch 13/30 | Step 1720 | Loss: 4.1545 | DA: 0.30 | Time: 23.4s
  GPU Mem: 7575.5 MB
Epoch 13/30 | Step 1730 | Loss: 4.1029 | DA: 0.30 | Time: 23.6s
  GPU Mem: 7651.7 MB
Epoch 13/30 | Step 1740 | Loss: 4.0842 | DA: 0.30 | Time: 23.7s
  GPU Mem: 7722.6 MB
Epoch 13/30 | Step 1750 | Loss: 4.0555 | DA: 0.30 | Time: 23.9s
  GPU Mem: 7798.9 MB

--- Epoch 13 Complete ---
Average Loss: 4.0508

Test Generation:
  'The apple is Th blue Blig is is figr is ig'
Epoch 14/30 | Step 1760 | Loss: 3.9731 | DA: 0.30 | Time: 24.1s
  GPU Mem: 7446.6 MB
Epoch 14/30 | Step 1770 | Loss: 3.7768 | DA: 0.30 | Time: 24.3s
  GPU Mem: 7520.2 MB
Epoch 14/30 | Step 1780 | Loss: 3.8043 | DA: 0.30 | Time: 24.4s
  GPU Mem: 7593.8 MB
Epoch 14/30 | Step 1790 | Loss: 3.8319 | DA: 0.30 | Time: 24.6s
  GPU Mem: 7667.3 MB
Epoch 14/30 | Step 1800 | Loss: 3.8393 | DA: 0.30 | Time: 24.7s
  GPU Mem: 7740.9 MB
Epoch 14/30 | Step 1810 | Loss: 3.8320 | DA: 0.30 | Time: 24.8s
  GPU Mem: 7814.5 MB
Epoch 14/30 | Step 1820 | Loss: 3.8270 | DA: 0.30 | Time: 24.9s
  GPU Mem: 7888.0 MB
Epoch 14/30 | Step 1830 | Loss: 3.8665 | DA: 0.30 | Time: 25.1s
  GPU Mem: 7961.6 MB
Epoch 14/30 | Step 1840 | Loss: 3.9153 | DA: 0.30 | Time: 25.2s
  GPU Mem: 8035.2 MB
Epoch 14/30 | Step 1850 | Loss: 3.9464 | DA: 0.30 | Time: 25.4s
  GPU Mem: 8108.7 MB
Epoch 14/30 | Step 1860 | Loss: 4.0394 | DA: 0.30 | Time: 25.5s
  GPU Mem: 8182.3 MB
Epoch 14/30 | Step 1870 | Loss: 4.0485 | DA: 0.30 | Time: 25.6s
  GPU Mem: 8255.8 MB
Epoch 14/30 | Step 1880 | Loss: 4.0663 | DA: 0.30 | Time: 25.8s
  GPU Mem: 8329.4 MB
Epoch 14/30 | Step 1890 | Loss: 4.0792 | DA: 0.30 | Time: 25.9s
  GPU Mem: 8402.1 MB

--- Epoch 14 Complete ---
Average Loss: 4.0792

Test Generation:
  'The apple is Br Blue I FT rm ar s H Briavh'
Epoch 15/30 | Step 1900 | Loss: 4.3238 | DA: 0.30 | Time: 26.2s
  GPU Mem: 8050.8 MB
Epoch 15/30 | Step 1910 | Loss: 4.1261 | DA: 0.30 | Time: 26.3s
  GPU Mem: 8121.6 MB
Epoch 15/30 | Step 1920 | Loss: 3.9609 | DA: 0.30 | Time: 26.4s
  GPU Mem: 8197.9 MB
Epoch 15/30 | Step 1930 | Loss: 3.8891 | DA: 0.30 | Time: 26.6s
  GPU Mem: 8268.8 MB
Epoch 15/30 | Step 1940 | Loss: 3.8850 | DA: 0.30 | Time: 26.7s
  GPU Mem: 8345.0 MB
Epoch 15/30 | Step 1950 | Loss: 3.8356 | DA: 0.30 | Time: 26.9s
  GPU Mem: 8415.9 MB
Epoch 15/30 | Step 1960 | Loss: 3.8951 | DA: 0.30 | Time: 27.0s
  GPU Mem: 8492.1 MB
Epoch 15/30 | Step 1970 | Loss: 3.9087 | DA: 0.30 | Time: 27.1s
  GPU Mem: 8563.0 MB
Epoch 15/30 | Step 1980 | Loss: 3.9126 | DA: 0.30 | Time: 27.3s
  GPU Mem: 8639.3 MB
Epoch 15/30 | Step 1990 | Loss: 3.8790 | DA: 0.30 | Time: 27.4s
  GPU Mem: 8710.1 MB
Epoch 15/30 | Step 2000 | Loss: 3.8844 | DA: 0.30 | Time: 27.5s
  GPU Mem: 8786.4 MB
Epoch 15/30 | Step 2010 | Loss: 3.8753 | DA: 0.30 | Time: 27.6s
  GPU Mem: 8857.3 MB
Epoch 15/30 | Step 2020 | Loss: 3.8696 | DA: 0.30 | Time: 27.8s
  GPU Mem: 8933.5 MB

--- Epoch 15 Complete ---
Average Loss: 3.8649

Test Generation:
  'The apple ispppppppppppppppppppportosespee'
Epoch 16/30 | Step 2030 | Loss: 5.3994 | DA: 0.30 | Time: 28.0s
  GPU Mem: 8581.3 MB
Epoch 16/30 | Step 2040 | Loss: 5.1250 | DA: 0.30 | Time: 28.1s
  GPU Mem: 8654.9 MB
Epoch 16/30 | Step 2050 | Loss: 4.8114 | DA: 0.30 | Time: 28.3s
  GPU Mem: 8728.4 MB
Epoch 16/30 | Step 2060 | Loss: 4.6171 | DA: 0.30 | Time: 28.4s
  GPU Mem: 8802.0 MB
Epoch 16/30 | Step 2070 | Loss: 4.5275 | DA: 0.30 | Time: 28.5s
  GPU Mem: 8875.6 MB
Epoch 16/30 | Step 2080 | Loss: 4.4306 | DA: 0.30 | Time: 28.6s
  GPU Mem: 8949.1 MB
Epoch 16/30 | Step 2090 | Loss: 4.3213 | DA: 0.30 | Time: 28.8s
  GPU Mem: 9022.7 MB
Epoch 16/30 | Step 2100 | Loss: 4.2982 | DA: 0.30 | Time: 28.9s
  GPU Mem: 9096.3 MB
Epoch 16/30 | Step 2110 | Loss: 4.2419 | DA: 0.30 | Time: 29.0s
  GPU Mem: 9169.8 MB
Epoch 16/30 | Step 2120 | Loss: 4.2093 | DA: 0.30 | Time: 29.1s
  GPU Mem: 9243.4 MB
Epoch 16/30 | Step 2130 | Loss: 4.1788 | DA: 0.30 | Time: 29.3s
  GPU Mem: 9317.0 MB
Epoch 16/30 | Step 2140 | Loss: 4.1282 | DA: 0.30 | Time: 29.4s
  GPU Mem: 9390.5 MB
Epoch 16/30 | Step 2150 | Loss: 4.1032 | DA: 0.30 | Time: 29.5s
  GPU Mem: 9464.1 MB
Epoch 16/30 | Step 2160 | Loss: 4.1088 | DA: 0.30 | Time: 29.7s
  GPU Mem: 9536.8 MB

--- Epoch 16 Complete ---
Average Loss: 4.1088

Test Generation:
  'The apple iswI we.Thluerthecichwisww is wi'
Epoch 17/30 | Step 2170 | Loss: 4.1760 | DA: 0.30 | Time: 29.9s
  GPU Mem: 9185.4 MB
Epoch 17/30 | Step 2180 | Loss: 4.0087 | DA: 0.30 | Time: 30.0s
  GPU Mem: 9256.3 MB
Epoch 17/30 | Step 2190 | Loss: 4.0758 | DA: 0.30 | Time: 30.1s
  GPU Mem: 9332.6 MB
Epoch 17/30 | Step 2200 | Loss: 4.0491 | DA: 0.30 | Time: 30.3s
  GPU Mem: 9403.4 MB
Epoch 17/30 | Step 2210 | Loss: 3.9968 | DA: 0.30 | Time: 30.4s
  GPU Mem: 9479.7 MB
Epoch 17/30 | Step 2220 | Loss: 4.0155 | DA: 0.30 | Time: 30.5s
  GPU Mem: 9550.6 MB
Epoch 17/30 | Step 2230 | Loss: 4.0022 | DA: 0.30 | Time: 30.6s
  GPU Mem: 9626.8 MB
Epoch 17/30 | Step 2240 | Loss: 3.9810 | DA: 0.30 | Time: 30.8s
  GPU Mem: 9697.7 MB
Epoch 17/30 | Step 2250 | Loss: 3.9576 | DA: 0.30 | Time: 30.9s
  GPU Mem: 9773.9 MB
Epoch 17/30 | Step 2260 | Loss: 3.9186 | DA: 0.30 | Time: 31.0s
  GPU Mem: 9844.8 MB
Epoch 17/30 | Step 2270 | Loss: 3.8925 | DA: 0.30 | Time: 31.2s
  GPU Mem: 9921.1 MB
Epoch 17/30 | Step 2280 | Loss: 3.8756 | DA: 0.30 | Time: 31.3s
  GPU Mem: 9991.9 MB
Epoch 17/30 | Step 2290 | Loss: 3.8617 | DA: 0.30 | Time: 31.4s
  GPU Mem: 10068.2 MB

--- Epoch 17 Complete ---
Average Loss: 3.8432

Test Generation:
  'The apple isky bBlue Waplecappppe t Bre ba'
Epoch 18/30 | Step 2300 | Loss: 3.2363 | DA: 0.30 | Time: 31.7s
  GPU Mem: 9716.0 MB
Epoch 18/30 | Step 2310 | Loss: 3.5268 | DA: 0.30 | Time: 31.8s
  GPU Mem: 9789.6 MB
Epoch 18/30 | Step 2320 | Loss: 3.4507 | DA: 0.30 | Time: 31.9s
  GPU Mem: 9863.1 MB
Epoch 18/30 | Step 2330 | Loss: 3.4955 | DA: 0.30 | Time: 32.0s
  GPU Mem: 9936.7 MB
Epoch 18/30 | Step 2340 | Loss: 3.5090 | DA: 0.30 | Time: 32.2s
  GPU Mem: 10010.2 MB
Epoch 18/30 | Step 2350 | Loss: 3.5396 | DA: 0.30 | Time: 32.3s
  GPU Mem: 10083.8 MB
Epoch 18/30 | Step 2360 | Loss: 3.5738 | DA: 0.30 | Time: 32.4s
  GPU Mem: 10157.4 MB
Epoch 18/30 | Step 2370 | Loss: 3.5793 | DA: 0.30 | Time: 32.6s
  GPU Mem: 10230.9 MB
Epoch 18/30 | Step 2380 | Loss: 3.5532 | DA: 0.30 | Time: 32.7s
  GPU Mem: 10304.5 MB
Epoch 18/30 | Step 2390 | Loss: 3.5622 | DA: 0.30 | Time: 32.8s
  GPU Mem: 10378.1 MB
Epoch 18/30 | Step 2400 | Loss: 3.5626 | DA: 0.30 | Time: 32.9s
  GPU Mem: 10451.6 MB
Epoch 18/30 | Step 2410 | Loss: 3.5591 | DA: 0.30 | Time: 33.0s
  GPU Mem: 10525.2 MB
Epoch 18/30 | Step 2420 | Loss: 3.5552 | DA: 0.30 | Time: 33.2s
  GPU Mem: 10598.8 MB
Epoch 18/30 | Step 2430 | Loss: 3.5632 | DA: 0.30 | Time: 33.3s
  GPU Mem: 10671.5 MB

--- Epoch 18 Complete ---
Average Loss: 3.5632

Test Generation:
  'The apple is Hasky.Thearorets Hes Harorisk'
Epoch 19/30 | Step 2440 | Loss: 3.6629 | DA: 0.30 | Time: 33.5s
  GPU Mem: 10320.1 MB
Epoch 19/30 | Step 2450 | Loss: 3.6398 | DA: 0.30 | Time: 33.6s
  GPU Mem: 10391.0 MB
Epoch 19/30 | Step 2460 | Loss: 3.5653 | DA: 0.30 | Time: 33.8s
  GPU Mem: 10467.2 MB
Epoch 19/30 | Step 2470 | Loss: 3.5329 | DA: 0.30 | Time: 33.9s
  GPU Mem: 10538.1 MB
Epoch 19/30 | Step 2480 | Loss: 3.5275 | DA: 0.30 | Time: 34.0s
  GPU Mem: 10614.4 MB
Epoch 19/30 | Step 2490 | Loss: 3.5223 | DA: 0.30 | Time: 34.1s
  GPU Mem: 10685.2 MB
Epoch 19/30 | Step 2500 | Loss: 3.5414 | DA: 0.30 | Time: 34.3s
  GPU Mem: 10761.5 MB
Epoch 19/30 | Step 2510 | Loss: 3.5080 | DA: 0.30 | Time: 34.4s
  GPU Mem: 10832.4 MB
Epoch 19/30 | Step 2520 | Loss: 3.5226 | DA: 0.30 | Time: 34.5s
  GPU Mem: 10908.6 MB
Epoch 19/30 | Step 2530 | Loss: 3.5457 | DA: 0.30 | Time: 34.6s
  GPU Mem: 10979.5 MB
Epoch 19/30 | Step 2540 | Loss: 3.5663 | DA: 0.30 | Time: 34.8s
  GPU Mem: 11055.8 MB
Epoch 19/30 | Step 2550 | Loss: 3.6045 | DA: 0.30 | Time: 34.9s
  GPU Mem: 11126.6 MB
Epoch 19/30 | Step 2560 | Loss: 3.6084 | DA: 0.30 | Time: 35.0s
  GPU Mem: 11202.9 MB

--- Epoch 19 Complete ---
Average Loss: 3.6087

Test Generation:
  'The apple is thapppl.Dat. imh.I.Th. ble. f'
Epoch 20/30 | Step 2570 | Loss: 3.7022 | DA: 0.30 | Time: 35.2s
  GPU Mem: 10850.7 MB
Epoch 20/30 | Step 2580 | Loss: 3.4600 | DA: 0.30 | Time: 35.4s
  GPU Mem: 10924.2 MB
Epoch 20/30 | Step 2590 | Loss: 3.3965 | DA: 0.30 | Time: 35.5s
  GPU Mem: 10997.8 MB
Epoch 20/30 | Step 2600 | Loss: 3.3694 | DA: 0.30 | Time: 35.6s
  GPU Mem: 11071.4 MB
Epoch 20/30 | Step 2610 | Loss: 3.4282 | DA: 0.30 | Time: 35.7s
  GPU Mem: 11144.9 MB
Epoch 20/30 | Step 2620 | Loss: 3.4013 | DA: 0.30 | Time: 35.9s
  GPU Mem: 11218.5 MB
Epoch 20/30 | Step 2630 | Loss: 3.4059 | DA: 0.30 | Time: 36.0s
  GPU Mem: 11292.0 MB
Epoch 20/30 | Step 2640 | Loss: 3.4394 | DA: 0.30 | Time: 36.1s
  GPU Mem: 11365.6 MB
Epoch 20/30 | Step 2650 | Loss: 3.4511 | DA: 0.30 | Time: 36.2s
  GPU Mem: 11439.2 MB
Epoch 20/30 | Step 2660 | Loss: 3.4553 | DA: 0.30 | Time: 36.4s
  GPU Mem: 11512.7 MB
Epoch 20/30 | Step 2670 | Loss: 3.4511 | DA: 0.30 | Time: 36.5s
  GPU Mem: 11586.3 MB
Epoch 20/30 | Step 2680 | Loss: 3.4441 | DA: 0.30 | Time: 36.7s
  GPU Mem: 11659.9 MB
Epoch 20/30 | Step 2690 | Loss: 3.4409 | DA: 0.30 | Time: 36.9s
  GPU Mem: 11733.4 MB
Epoch 20/30 | Step 2700 | Loss: 3.4188 | DA: 0.30 | Time: 37.2s
  GPU Mem: 11806.1 MB

--- Epoch 20 Complete ---
Average Loss: 3.4188

Test Generation:
  'The apple is is h car fle is I apple ish t'
Epoch 21/30 | Step 2710 | Loss: 3.4933 | DA: 0.30 | Time: 37.4s
  GPU Mem: 11454.8 MB
Epoch 21/30 | Step 2720 | Loss: 3.3313 | DA: 0.30 | Time: 37.5s
  GPU Mem: 11525.6 MB
Epoch 21/30 | Step 2730 | Loss: 3.3878 | DA: 0.30 | Time: 37.7s
  GPU Mem: 11601.9 MB
Epoch 21/30 | Step 2740 | Loss: 3.3541 | DA: 0.30 | Time: 37.8s
  GPU Mem: 11672.8 MB
Epoch 21/30 | Step 2750 | Loss: 3.3515 | DA: 0.30 | Time: 37.9s
  GPU Mem: 11749.0 MB
Epoch 21/30 | Step 2760 | Loss: 3.3320 | DA: 0.30 | Time: 38.1s
  GPU Mem: 11819.9 MB
Epoch 21/30 | Step 2770 | Loss: 3.3013 | DA: 0.30 | Time: 38.3s
  GPU Mem: 11896.2 MB
Epoch 21/30 | Step 2780 | Loss: 3.2786 | DA: 0.30 | Time: 38.5s
  GPU Mem: 11967.0 MB
Epoch 21/30 | Step 2790 | Loss: 3.2647 | DA: 0.32 | Time: 38.8s
  GPU Mem: 12043.3 MB
Epoch 21/30 | Step 2800 | Loss: 3.2487 | DA: 0.30 | Time: 39.1s
  GPU Mem: 12114.2 MB
Epoch 21/30 | Step 2810 | Loss: 3.2551 | DA: 0.30 | Time: 39.3s
  GPU Mem: 12190.4 MB
Epoch 21/30 | Step 2820 | Loss: 3.2650 | DA: 0.30 | Time: 39.6s
  GPU Mem: 12261.3 MB
Epoch 21/30 | Step 2830 | Loss: 3.2670 | DA: 0.30 | Time: 39.8s
  GPU Mem: 12337.6 MB

--- Epoch 21 Complete ---
Average Loss: 3.2735

Test Generation:
  'The apple isuer.Blue Blue applun. Blue. Bl'
Epoch 22/30 | Step 2840 | Loss: 3.8726 | DA: 0.30 | Time: 40.1s
  GPU Mem: 11985.3 MB
Epoch 22/30 | Step 2850 | Loss: 3.5191 | DA: 0.30 | Time: 40.3s
  GPU Mem: 12058.9 MB
Epoch 22/30 | Step 2860 | Loss: 3.4544 | DA: 0.30 | Time: 40.4s
  GPU Mem: 12132.5 MB
Epoch 22/30 | Step 2870 | Loss: 3.4326 | DA: 0.30 | Time: 40.6s
  GPU Mem: 12206.0 MB
Epoch 22/30 | Step 2880 | Loss: 3.3780 | DA: 0.33 | Time: 40.7s
  GPU Mem: 12279.6 MB
Epoch 22/30 | Step 2890 | Loss: 3.3677 | DA: 0.30 | Time: 40.9s
  GPU Mem: 12353.2 MB
Epoch 22/30 | Step 2900 | Loss: 3.3662 | DA: 0.30 | Time: 41.1s
  GPU Mem: 12426.7 MB
Epoch 22/30 | Step 2910 | Loss: 3.3720 | DA: 0.30 | Time: 41.3s
  GPU Mem: 12500.3 MB
Epoch 22/30 | Step 2920 | Loss: 3.3374 | DA: 0.36 | Time: 41.5s
  GPU Mem: 12573.9 MB
Epoch 22/30 | Step 2930 | Loss: 3.3054 | DA: 0.30 | Time: 41.8s
  GPU Mem: 12647.4 MB
Epoch 22/30 | Step 2940 | Loss: 3.2940 | DA: 0.30 | Time: 42.1s
  GPU Mem: 12721.0 MB
Epoch 22/30 | Step 2950 | Loss: 3.2800 | DA: 0.30 | Time: 42.3s
  GPU Mem: 12794.5 MB
Epoch 22/30 | Step 2960 | Loss: 3.2911 | DA: 0.30 | Time: 42.6s
  GPU Mem: 12868.1 MB
Epoch 22/30 | Step 2970 | Loss: 3.3384 | DA: 0.30 | Time: 42.9s
  GPU Mem: 12940.8 MB

--- Epoch 22 Complete ---
Average Loss: 3.3384

Test Generation:
  'The apple isappppluecgapplue aplalleeple g'
Epoch 23/30 | Step 2980 | Loss: 5.0959 | DA: 0.30 | Time: 43.2s
  GPU Mem: 12589.5 MB
Epoch 23/30 | Step 2990 | Loss: 4.4387 | DA: 0.30 | Time: 43.4s
  GPU Mem: 12660.3 MB
Epoch 23/30 | Step 3000 | Loss: 4.0778 | DA: 0.30 | Time: 43.5s
  GPU Mem: 12736.6 MB
Epoch 23/30 | Step 3010 | Loss: 3.9123 | DA: 0.30 | Time: 43.7s
  GPU Mem: 12807.4 MB
Epoch 23/30 | Step 3020 | Loss: 3.7533 | DA: 0.30 | Time: 43.9s
  GPU Mem: 12883.7 MB
Epoch 23/30 | Step 3030 | Loss: 3.6704 | DA: 0.30 | Time: 44.0s
  GPU Mem: 12954.6 MB
Epoch 23/30 | Step 3040 | Loss: 3.5862 | DA: 0.30 | Time: 44.2s
  GPU Mem: 13030.8 MB
Epoch 23/30 | Step 3050 | Loss: 3.5180 | DA: 0.31 | Time: 44.5s
  GPU Mem: 13101.7 MB
Epoch 23/30 | Step 3060 | Loss: 3.4641 | DA: 0.30 | Time: 44.7s
  GPU Mem: 13178.0 MB
Epoch 23/30 | Step 3070 | Loss: 3.4244 | DA: 0.30 | Time: 45.0s
  GPU Mem: 13248.8 MB
Epoch 23/30 | Step 3080 | Loss: 3.4017 | DA: 0.30 | Time: 45.3s
  GPU Mem: 13325.1 MB
Epoch 23/30 | Step 3090 | Loss: 3.3796 | DA: 0.30 | Time: 45.6s
  GPU Mem: 13396.0 MB
Epoch 23/30 | Step 3100 | Loss: 3.3535 | DA: 0.30 | Time: 45.8s
  GPU Mem: 13472.2 MB

--- Epoch 23 Complete ---
Average Loss: 3.3419

Test Generation:
  'The apple is apley rlerghe ate.Thaesa t.I '
Epoch 24/30 | Step 3110 | Loss: 3.0289 | DA: 0.30 | Time: 46.2s
  GPU Mem: 13120.0 MB
Epoch 24/30 | Step 3120 | Loss: 3.0858 | DA: 0.30 | Time: 46.3s
  GPU Mem: 13193.6 MB
Epoch 24/30 | Step 3130 | Loss: 3.0565 | DA: 0.30 | Time: 46.5s
  GPU Mem: 13267.1 MB
Epoch 24/30 | Step 3140 | Loss: 3.0470 | DA: 0.30 | Time: 46.7s
  GPU Mem: 13340.7 MB
Epoch 24/30 | Step 3150 | Loss: 2.9946 | DA: 0.32 | Time: 46.9s
  GPU Mem: 13414.3 MB
Epoch 24/30 | Step 3160 | Loss: 3.0045 | DA: 0.30 | Time: 47.1s
  GPU Mem: 13487.8 MB
Epoch 24/30 | Step 3170 | Loss: 2.9994 | DA: 0.30 | Time: 47.3s
  GPU Mem: 13561.4 MB
Epoch 24/30 | Step 3180 | Loss: 2.9936 | DA: 0.30 | Time: 47.5s
  GPU Mem: 13635.0 MB
Epoch 24/30 | Step 3190 | Loss: 2.9769 | DA: 0.31 | Time: 47.7s
  GPU Mem: 13708.5 MB
Epoch 24/30 | Step 3200 | Loss: 2.9727 | DA: 0.30 | Time: 48.0s
  GPU Mem: 13782.1 MB
Epoch 24/30 | Step 3210 | Loss: 2.9742 | DA: 0.30 | Time: 48.3s
  GPU Mem: 13855.7 MB
Epoch 24/30 | Step 3220 | Loss: 2.9654 | DA: 0.30 | Time: 48.5s
  GPU Mem: 13929.2 MB
Epoch 24/30 | Step 3230 | Loss: 2.9690 | DA: 0.30 | Time: 48.8s
  GPU Mem: 14002.8 MB
Epoch 24/30 | Step 3240 | Loss: 2.9650 | DA: 0.30 | Time: 49.1s
  GPU Mem: 14075.5 MB

--- Epoch 24 Complete ---
Average Loss: 2.9650

Test Generation:
  'The apple is Thes s s als tstCa car.T aris'
Epoch 25/30 | Step 3250 | Loss: 3.3812 | DA: 0.30 | Time: 49.3s
  GPU Mem: 13724.1 MB
Epoch 25/30 | Step 3260 | Loss: 3.2054 | DA: 0.30 | Time: 49.5s
  GPU Mem: 13795.0 MB
Epoch 25/30 | Step 3270 | Loss: 3.1022 | DA: 0.30 | Time: 49.6s
  GPU Mem: 13871.3 MB
Epoch 25/30 | Step 3280 | Loss: 3.0705 | DA: 0.30 | Time: 49.8s
  GPU Mem: 13942.1 MB
Epoch 25/30 | Step 3290 | Loss: 3.0335 | DA: 0.34 | Time: 49.9s
  GPU Mem: 14018.4 MB
Epoch 25/30 | Step 3300 | Loss: 2.9765 | DA: 0.30 | Time: 50.1s
  GPU Mem: 14089.3 MB
Epoch 25/30 | Step 3310 | Loss: 2.9514 | DA: 0.30 | Time: 50.3s
  GPU Mem: 14165.5 MB
Epoch 25/30 | Step 3320 | Loss: 2.9484 | DA: 0.31 | Time: 50.5s
  GPU Mem: 14236.4 MB
Epoch 25/30 | Step 3330 | Loss: 2.9146 | DA: 0.37 | Time: 50.8s
  GPU Mem: 14312.6 MB
Epoch 25/30 | Step 3340 | Loss: 2.9024 | DA: 0.36 | Time: 51.0s
  GPU Mem: 14383.5 MB
Epoch 25/30 | Step 3350 | Loss: 2.8988 | DA: 0.30 | Time: 51.3s
  GPU Mem: 14459.8 MB
Epoch 25/30 | Step 3360 | Loss: 2.8887 | DA: 0.30 | Time: 51.5s
  GPU Mem: 14530.6 MB
Epoch 25/30 | Step 3370 | Loss: 2.8800 | DA: 0.43 | Time: 51.8s
  GPU Mem: 14606.9 MB

--- Epoch 25 Complete ---
Average Loss: 2.8834

Test Generation:
  'The apple is ate Bares ale s s wwes BleAy '
Epoch 26/30 | Step 3380 | Loss: 3.0994 | DA: 0.30 | Time: 52.1s
  GPU Mem: 14254.7 MB
Epoch 26/30 | Step 3390 | Loss: 2.8614 | DA: 0.34 | Time: 52.3s
  GPU Mem: 14328.3 MB
Epoch 26/30 | Step 3400 | Loss: 2.8253 | DA: 0.30 | Time: 52.4s
  GPU Mem: 14401.8 MB
Epoch 26/30 | Step 3410 | Loss: 2.8221 | DA: 0.41 | Time: 52.6s
  GPU Mem: 14475.4 MB
Epoch 26/30 | Step 3420 | Loss: 2.8428 | DA: 0.30 | Time: 52.7s
  GPU Mem: 14548.9 MB
Epoch 26/30 | Step 3430 | Loss: 2.8287 | DA: 0.36 | Time: 52.9s
  GPU Mem: 14622.5 MB
Epoch 26/30 | Step 3440 | Loss: 2.8047 | DA: 0.36 | Time: 53.1s
  GPU Mem: 14696.1 MB
Epoch 26/30 | Step 3450 | Loss: 2.8164 | DA: 0.30 | Time: 53.3s
  GPU Mem: 14769.6 MB
Epoch 26/30 | Step 3460 | Loss: 2.8286 | DA: 0.30 | Time: 53.6s
  GPU Mem: 14843.2 MB
Epoch 26/30 | Step 3470 | Loss: 2.8522 | DA: 0.30 | Time: 53.8s
  GPU Mem: 14916.8 MB
Epoch 26/30 | Step 3480 | Loss: 2.8496 | DA: 0.30 | Time: 54.1s
  GPU Mem: 14990.3 MB
Epoch 26/30 | Step 3490 | Loss: 2.8532 | DA: 0.30 | Time: 54.4s
  GPU Mem: 15063.9 MB
Epoch 26/30 | Step 3500 | Loss: 2.8540 | DA: 0.30 | Time: 54.6s
  GPU Mem: 15137.5 MB
Epoch 26/30 | Step 3510 | Loss: 2.8626 | DA: 0.32 | Time: 54.9s
  GPU Mem: 15210.2 MB

--- Epoch 26 Complete ---
Average Loss: 2.8626

Test Generation:
  'The apple is st s tar n is s at I as s ble'
Epoch 27/30 | Step 3520 | Loss: 3.0537 | DA: 0.30 | Time: 55.2s
  GPU Mem: 14858.8 MB
Epoch 27/30 | Step 3530 | Loss: 3.0091 | DA: 0.30 | Time: 55.3s
  GPU Mem: 14929.7 MB
Epoch 27/30 | Step 3540 | Loss: 2.9454 | DA: 0.33 | Time: 55.5s
  GPU Mem: 15005.9 MB
Epoch 27/30 | Step 3550 | Loss: 2.9119 | DA: 0.30 | Time: 55.7s
  GPU Mem: 15076.8 MB
Epoch 27/30 | Step 3560 | Loss: 2.8791 | DA: 0.30 | Time: 55.8s
  GPU Mem: 15153.1 MB
Epoch 27/30 | Step 3570 | Loss: 2.8894 | DA: 0.30 | Time: 56.0s
  GPU Mem: 15223.9 MB
Epoch 27/30 | Step 3580 | Loss: 2.8716 | DA: 0.30 | Time: 56.2s
  GPU Mem: 15300.2 MB
Epoch 27/30 | Step 3590 | Loss: 2.8725 | DA: 0.33 | Time: 56.4s
  GPU Mem: 15371.1 MB
Epoch 27/30 | Step 3600 | Loss: 2.8556 | DA: 0.35 | Time: 56.7s
  GPU Mem: 15447.3 MB
Epoch 27/30 | Step 3610 | Loss: 2.8334 | DA: 0.32 | Time: 56.9s
  GPU Mem: 15518.2 MB
Epoch 27/30 | Step 3620 | Loss: 2.8239 | DA: 0.36 | Time: 57.2s
  GPU Mem: 15594.4 MB
Epoch 27/30 | Step 3630 | Loss: 2.8204 | DA: 0.30 | Time: 57.4s
  GPU Mem: 15665.3 MB
Epoch 27/30 | Step 3640 | Loss: 2.8310 | DA: 0.33 | Time: 57.7s
  GPU Mem: 15741.6 MB

--- Epoch 27 Complete ---
Average Loss: 2.8292

Test Generation:
  'The apple isthe weTh im gs blsky atpppls T'
Epoch 28/30 | Step 3650 | Loss: 2.8592 | DA: 0.30 | Time: 58.0s
  GPU Mem: 15389.4 MB
Epoch 28/30 | Step 3660 | Loss: 2.8582 | DA: 0.30 | Time: 58.2s
  GPU Mem: 15462.9 MB
Epoch 28/30 | Step 3670 | Loss: 2.9266 | DA: 0.34 | Time: 58.3s
  GPU Mem: 15536.5 MB
Epoch 28/30 | Step 3680 | Loss: 2.9588 | DA: 0.30 | Time: 58.5s
  GPU Mem: 15610.1 MB
Epoch 28/30 | Step 3690 | Loss: 3.0067 | DA: 0.36 | Time: 58.7s
  GPU Mem: 15683.6 MB
Epoch 28/30 | Step 3700 | Loss: 2.9931 | DA: 0.31 | Time: 58.8s
  GPU Mem: 15757.2 MB
Epoch 28/30 | Step 3710 | Loss: 2.9867 | DA: 0.30 | Time: 59.0s
  GPU Mem: 15830.7 MB
Epoch 28/30 | Step 3720 | Loss: 3.0191 | DA: 0.30 | Time: 59.2s
  GPU Mem: 15904.3 MB
Epoch 28/30 | Step 3730 | Loss: 3.0273 | DA: 0.31 | Time: 59.4s
  GPU Mem: 15977.9 MB
Epoch 28/30 | Step 3740 | Loss: 3.0284 | DA: 0.30 | Time: 59.7s
  GPU Mem: 16051.4 MB
Epoch 28/30 | Step 3750 | Loss: 2.9990 | DA: 0.32 | Time: 59.9s
  GPU Mem: 16125.0 MB
Epoch 28/30 | Step 3760 | Loss: 2.9852 | DA: 0.30 | Time: 60.2s
  GPU Mem: 16198.6 MB
Epoch 28/30 | Step 3770 | Loss: 2.9750 | DA: 0.37 | Time: 60.5s
  GPU Mem: 16272.1 MB
Epoch 28/30 | Step 3780 | Loss: 2.9701 | DA: 0.30 | Time: 60.7s
  GPU Mem: 16344.8 MB

--- Epoch 28 Complete ---
Average Loss: 2.9701

Test Generation:
  'The apple isky n fllun tcofun an anhertifi'
Epoch 29/30 | Step 3790 | Loss: 3.3911 | DA: 0.30 | Time: 61.0s
  GPU Mem: 15993.5 MB
Epoch 29/30 | Step 3800 | Loss: 3.1878 | DA: 0.35 | Time: 61.1s
  GPU Mem: 16064.3 MB
Epoch 29/30 | Step 3810 | Loss: 3.0687 | DA: 0.39 | Time: 61.3s
  GPU Mem: 16140.6 MB
Epoch 29/30 | Step 3820 | Loss: 2.9654 | DA: 0.36 | Time: 61.4s
  GPU Mem: 16211.5 MB
Epoch 29/30 | Step 3830 | Loss: 2.9067 | DA: 0.33 | Time: 61.6s
  GPU Mem: 16287.7 MB
Epoch 29/30 | Step 3840 | Loss: 2.9201 | DA: 0.30 | Time: 61.8s
  GPU Mem: 16358.6 MB
Epoch 29/30 | Step 3850 | Loss: 2.8901 | DA: 0.33 | Time: 62.0s
  GPU Mem: 16434.9 MB
Epoch 29/30 | Step 3860 | Loss: 2.8673 | DA: 0.36 | Time: 62.2s
  GPU Mem: 16505.7 MB
Epoch 29/30 | Step 3870 | Loss: 2.8597 | DA: 0.30 | Time: 62.5s
  GPU Mem: 16582.0 MB
Epoch 29/30 | Step 3880 | Loss: 2.8456 | DA: 0.34 | Time: 62.7s
  GPU Mem: 16652.9 MB
Epoch 29/30 | Step 3890 | Loss: 2.8373 | DA: 0.30 | Time: 63.0s
  GPU Mem: 16729.1 MB
Epoch 29/30 | Step 3900 | Loss: 2.8240 | DA: 0.47 | Time: 63.3s
  GPU Mem: 16800.0 MB
Epoch 29/30 | Step 3910 | Loss: 2.8166 | DA: 0.30 | Time: 63.5s
  GPU Mem: 16876.2 MB

--- Epoch 29 Complete ---
Average Loss: 2.8236

Test Generation:
  'The apple ist. tsks s t s s aplue f is s f'
Epoch 30/30 | Step 3920 | Loss: 3.3919 | DA: 0.30 | Time: 63.9s
  GPU Mem: 16524.0 MB
Epoch 30/30 | Step 3930 | Loss: 3.1104 | DA: 0.34 | Time: 64.0s
  GPU Mem: 16597.6 MB
Epoch 30/30 | Step 3940 | Loss: 2.9247 | DA: 0.30 | Time: 64.2s
  GPU Mem: 16671.2 MB
Epoch 30/30 | Step 3950 | Loss: 2.8872 | DA: 0.33 | Time: 64.3s
  GPU Mem: 16744.7 MB
Epoch 30/30 | Step 3960 | Loss: 2.8430 | DA: 0.31 | Time: 64.5s
  GPU Mem: 16818.3 MB
Epoch 30/30 | Step 3970 | Loss: 2.8465 | DA: 0.30 | Time: 64.7s
  GPU Mem: 16891.9 MB
Epoch 30/30 | Step 3980 | Loss: 2.8416 | DA: 0.30 | Time: 64.9s
  GPU Mem: 16965.4 MB
Epoch 30/30 | Step 3990 | Loss: 2.8141 | DA: 0.33 | Time: 65.2s
  GPU Mem: 17039.0 MB
Epoch 30/30 | Step 4000 | Loss: 2.8047 | DA: 0.33 | Time: 65.5s
  GPU Mem: 17112.5 MB
Epoch 30/30 | Step 4010 | Loss: 2.8167 | DA: 0.30 | Time: 65.7s
  GPU Mem: 17186.1 MB
Epoch 30/30 | Step 4020 | Loss: 2.8171 | DA: 0.30 | Time: 66.0s
  GPU Mem: 17259.7 MB
Epoch 30/30 | Step 4030 | Loss: 2.8247 | DA: 0.33 | Time: 66.3s
  GPU Mem: 17333.2 MB
Epoch 30/30 | Step 4040 | Loss: 2.8144 | DA: 0.39 | Time: 66.5s
  GPU Mem: 17406.8 MB
Epoch 30/30 | Step 4050 | Loss: 2.8034 | DA: 0.38 | Time: 66.8s
  GPU Mem: 17479.5 MB

--- Epoch 30 Complete ---
Average Loss: 2.8034

Test Generation:
  'The apple is fle appleapplermerimle aluee '

============================================================
  Training Complete!
============================================================
Total time: 66.9s
Final loss: 2.8034
Peak GPU memory: 17481.6 MB
Model saved to: C:\Users\letil\Documents\AntigravityProjects\Nokai\checkpoints\genesis_small.pt

============================================================
  Blue Apple Test
============================================================
  'The apple is s howe mmn appple e'
  'Blue apples are wele fle arimle my '
  'What color is the apple? The apple is fue t imm Ble we Th'